Test project /home/nnc/Fortran/fortran-compiler-tests/gfortran-bugs/build
      Start  1: gfortran-20250826-run
 1/79 Test  #1: gfortran-20250826-run ............***Failed    0.05 sec
      Start  2: gfortran-20250806-run
 2/79 Test  #2: gfortran-20250806-run ............   Passed    0.01 sec
      Start  3: gfortran-20250605-run
 3/79 Test  #3: gfortran-20250605-run ............   Passed    0.00 sec
      Start  4: gfortran-20250428-run
 4/79 Test  #4: gfortran-20250428-run ............   Passed    0.00 sec
      Start  5: gfortran-20250401-obj
 5/79 Test  #5: gfortran-20250401-obj ............***Failed    0.06 sec
      Start  6: gfortran-20241125-obj
 6/79 Test  #6: gfortran-20241125-obj ............   Passed    0.08 sec
      Start  7: gfortran-20240425-run
 7/79 Test  #7: gfortran-20240425-run ............   Passed    0.01 sec
      Start  8: gfortran-20231211-obj
 8/79 Test  #8: gfortran-20231211-obj ............***Failed    0.16 sec
      Start  9: gfortran-20230612-obj
 9/79 Test  #9: gfortran-20230612-obj ............   Passed    0.08 sec
      Start 10: gfortran-20230529-obj
10/79 Test #10: gfortran-20230529-obj ............***Failed    0.05 sec
      Start 11: gfortran-20230527-obj
11/79 Test #11: gfortran-20230527-obj ............***Failed    0.16 sec
      Start 12: gfortran-20230513-exe
12/79 Test #12: gfortran-20230513-exe ............   Passed    0.11 sec
      Start 13: gfortran-20230513-run
13/79 Test #13: gfortran-20230513-run ............   Passed    0.01 sec
      Start 14: gfortran-20220221-module-exe
14/79 Test #14: gfortran-20220221-module-exe .....***Failed    0.14 sec
      Start 15: gfortran-20211123-run
15/79 Test #15: gfortran-20211123-run ............***Failed    0.00 sec
      Start 16: gfortran-20210527-run
16/79 Test #16: gfortran-20210527-run ............   Passed    0.00 sec
      Start 17: gfortran-20201204-exe
17/79 Test #17: gfortran-20201204-exe ............   Passed    0.10 sec
      Start 18: gfortran-20201204-run
18/79 Test #18: gfortran-20201204-run ............   Passed    0.01 sec
      Start 19: gfortran-20200501-obj
19/79 Test #19: gfortran-20200501-obj ............***Failed    0.05 sec
      Start 20: gfortran-20200402-file1-exe
20/79 Test #20: gfortran-20200402-file1-exe ......***Failed    0.13 sec
      Start 21: gfortran-20190202-run
21/79 Test #21: gfortran-20190202-run ............   Passed    0.00 sec
      Start 22: gfortran-20180610-exe
22/79 Test #22: gfortran-20180610-exe ............   Passed    0.11 sec
      Start 23: gfortran-20180610-run
23/79 Test #23: gfortran-20180610-run ............   Passed    0.01 sec
      Start 24: gfortran-20180224-exe
24/79 Test #24: gfortran-20180224-exe ............   Passed    0.12 sec
      Start 25: gfortran-20180224-run
25/79 Test #25: gfortran-20180224-run ............   Passed    0.01 sec
      Start 26: gfortran-20180223a-exe
26/79 Test #26: gfortran-20180223a-exe ...........   Passed    0.10 sec
      Start 27: gfortran-20180223a-run
27/79 Test #27: gfortran-20180223a-run ...........   Passed    0.01 sec
      Start 28: gfortran-20180223b-exe
28/79 Test #28: gfortran-20180223b-exe ...........   Passed    0.10 sec
      Start 29: gfortran-20180223b-run
29/79 Test #29: gfortran-20180223b-run ...........   Passed    0.01 sec
      Start 30: gfortran-20180130e-exe
30/79 Test #30: gfortran-20180130e-exe ...........   Passed    0.10 sec
      Start 31: gfortran-20180130e-run
31/79 Test #31: gfortran-20180130e-run ...........***Failed    0.01 sec
      Start 32: gfortran-20180130d-obj
32/79 Test #32: gfortran-20180130d-obj ...........***Failed    0.05 sec
      Start 33: gfortran-20180130c-exe
33/79 Test #33: gfortran-20180130c-exe ...........***Failed    0.05 sec
      Start 34: gfortran-20180130c-run
Failed test dependencies: gfortran-20180130c-exe
34/79 Test #34: gfortran-20180130c-run ...........***Not Run   0.00 sec
      Start 35: gfortran-20180130b-obj
35/79 Test #35: gfortran-20180130b-obj ...........***Failed    0.07 sec
      Start 36: gfortran-20180130a-exe
36/79 Test #36: gfortran-20180130a-exe ...........   Passed    0.10 sec
      Start 37: gfortran-20180130a-run
37/79 Test #37: gfortran-20180130a-run ...........***Failed    0.01 sec
      Start 38: char-par-inquiry-exe
38/79 Test #38: char-par-inquiry-exe .............   Passed    0.10 sec
      Start 39: char-par-inquiry-run
39/79 Test #39: char-par-inquiry-run .............   Passed    0.01 sec
      Start 40: gfortran-20180129-exe
40/79 Test #40: gfortran-20180129-exe ............   Passed    0.10 sec
      Start 41: gfortran-20180129-run
41/79 Test #41: gfortran-20180129-run ............***Failed    0.01 sec
      Start 42: gfortran-20180128-obj
42/79 Test #42: gfortran-20180128-obj ............***Failed    0.06 sec
      Start 43: gfortran-20171124a-obj
43/79 Test #43: gfortran-20171124a-obj ...........   Passed    0.07 sec
      Start 44: gfortran-20171124b-obj
44/79 Test #44: gfortran-20171124b-obj ...........   Passed    0.07 sec
      Start 45: gfortran-20171124c-obj
45/79 Test #45: gfortran-20171124c-obj ...........   Passed    0.08 sec
      Start 46: gfortran-20171124d-obj
46/79 Test #46: gfortran-20171124d-obj ...........   Passed    0.06 sec
      Start 47: gfortran-20171124e-obj
47/79 Test #47: gfortran-20171124e-obj ...........   Passed    0.09 sec
      Start 48: gfortran-20171124f-obj
48/79 Test #48: gfortran-20171124f-obj ...........   Passed    0.10 sec
      Start 49: gfortran-20171122-run
49/79 Test #49: gfortran-20171122-run ............   Passed    0.00 sec
      Start 50: gfortran-20171122b-run
50/79 Test #50: gfortran-20171122b-run ...........   Passed    0.00 sec
      Start 51: gfortran-20171115-obj
51/79 Test #51: gfortran-20171115-obj ............   Passed    0.07 sec
      Start 52: gfortran-20171114a-run
52/79 Test #52: gfortran-20171114a-run ...........   Passed    0.01 sec
      Start 53: gfortran-20171114b-exe
53/79 Test #53: gfortran-20171114b-exe ...........   Passed    0.15 sec
      Start 54: gfortran-20171114b-run
54/79 Test #54: gfortran-20171114b-run ...........   Passed    0.01 sec
      Start 55: gfortran-20171114c-exe
55/79 Test #55: gfortran-20171114c-exe ...........   Passed    0.15 sec
      Start 56: gfortran-20171114c-run
56/79 Test #56: gfortran-20171114c-run ...........   Passed    0.01 sec
      Start 57: gfortran-20170812a-run
57/79 Test #57: gfortran-20170812a-run ...........   Passed    0.00 sec
      Start 58: gfortran-20170812b-exe
58/79 Test #58: gfortran-20170812b-exe ...........   Passed    0.10 sec
      Start 59: gfortran-20170812b-run
59/79 Test #59: gfortran-20170812b-run ...........   Passed    0.01 sec
      Start 60: gfortran-20170112a-obj
60/79 Test #60: gfortran-20170112a-obj ...........   Passed    0.07 sec
      Start 61: gfortran-20170112b-run
61/79 Test #61: gfortran-20170112b-run ...........   Passed    0.00 sec
      Start 62: gfortran-20160821-obj
62/79 Test #62: gfortran-20160821-obj ............   Passed    0.07 sec
      Start 63: gfortran-20160321-run
63/79 Test #63: gfortran-20160321-run ............   Passed    0.00 sec
      Start 64: gfortran-20160320-run
64/79 Test #64: gfortran-20160320-run ............   Passed    0.00 sec
      Start 65: gfortran-20160319a-obj
65/79 Test #65: gfortran-20160319a-obj ...........   Passed    0.08 sec
      Start 66: gfortran-20160319b-obj
66/79 Test #66: gfortran-20160319b-obj ...........   Passed    0.08 sec
      Start 67: gfortran-20160129-obj
67/79 Test #67: gfortran-20160129-obj ............***Failed    0.05 sec
      Start 68: gfortran-20151108-obj
68/79 Test #68: gfortran-20151108-obj ............   Passed    0.08 sec
      Start 69: gfortran-20151102a-run
69/79 Test #69: gfortran-20151102a-run ...........   Passed    0.00 sec
      Start 70: gfortran-20151102b-run
70/79 Test #70: gfortran-20151102b-run ...........   Passed    0.00 sec
      Start 71: gfortran-20151101-obj
71/79 Test #71: gfortran-20151101-obj ............   Passed    0.08 sec
      Start 72: gfortran-20150913-run
72/79 Test #72: gfortran-20150913-run ............   Passed    0.00 sec
      Start 73: gfortran-20150912a-run
73/79 Test #73: gfortran-20150912a-run ...........   Passed    0.00 sec
      Start 74: gfortran-20120411-obj
74/79 Test #74: gfortran-20120411-obj ............   Passed    0.08 sec
      Start 75: gfortran-20110616-obj
75/79 Test #75: gfortran-20110616-obj ............   Passed    0.07 sec
      Start 76: gfortran-20110528-obj
76/79 Test #76: gfortran-20110528-obj ............   Passed    0.07 sec
      Start 77: gfortran-20100925-obj
77/79 Test #77: gfortran-20100925-obj ............   Passed    0.07 sec
      Start 78: gfortran-20100924-obj
78/79 Test #78: gfortran-20100924-obj ............   Passed    0.08 sec
      Start 79: gfortran-20181114-run
79/79 Test #79: gfortran-20181114-run ............   Passed    0.00 sec

77% tests passed, 18 tests failed out of 79

Label Time Summary:
PR100815        =   0.00 sec*proc (1 test)
PR103394        =   0.00 sec*proc (1 test)
PR104630        =   0.14 sec*proc (1 test)
PR109846        =   0.12 sec*proc (2 tests)
PR110012        =   0.16 sec*proc (1 test)
PR110033        =   0.05 sec*proc (1 test)
PR110224        =   0.08 sec*proc (1 test)
PR112964        =   0.16 sec*proc (1 test)
PR114827        =   0.01 sec*proc (1 test)
PR117774        =   0.08 sec*proc (1 test)
PR117897        =   0.01 sec*proc (1 test)
PR119986        =   0.00 sec*proc (2 tests)
PR119994        =   0.06 sec*proc (1 test)
PR121683        =   0.05 sec*proc (1 test)
PR40196         =   0.10 sec*proc (2 tests)
PR45786         =   0.08 sec*proc (1 test)
PR45794         =   0.07 sec*proc (1 test)
PR49213         =   0.20 sec*proc (3 tests)
PR52864         =   0.08 sec*proc (1 test)
PR54070         =   0.00 sec*proc (2 tests)
PR66577         =   0.08 sec*proc (1 test)
PR67560         =   0.00 sec*proc (1 test)
PR67564         =   0.00 sec*proc (2 tests)
PR68174         =   0.08 sec*proc (1 test)
PR69563         =   0.05 sec*proc (1 test)
PR70312         =   0.16 sec*proc (2 tests)
PR77310         =   0.07 sec*proc (1 test)
PR79072         =   0.18 sec*proc (5 tests)
PR79929         =   0.06 sec*proc (1 test)
PR82996         =   0.34 sec*proc (5 tests)
PR83012         =   0.07 sec*proc (1 test)
PR83118         =   0.00 sec*proc (2 tests)
PR83146         =   0.07 sec*proc (1 test)
PR83148         =   0.08 sec*proc (1 test)
PR83149         =   0.19 sec*proc (2 tests)
PR84093         =   0.17 sec*proc (3 tests)
PR84119         =   0.10 sec*proc (2 tests)
PR84120         =   0.12 sec*proc (3 tests)
PR84122         =   0.05 sec*proc (1 test)
PR84143         =   0.10 sec*proc (2 tests)
PR84539         =   0.21 sec*proc (4 tests)
PR84546         =   0.13 sec*proc (2 tests)
PR86100         =   0.12 sec*proc (2 tests)
PR88043         =   0.00 sec*proc (1 test)
PR89174         =   0.00 sec*proc (1 test)
PR93762         =   0.11 sec*proc (2 tests)
PR94463         =   0.13 sec*proc (1 test)
PR94909         =   0.05 sec*proc (1 test)
gfortran-bug    =   4.17 sec*proc (79 tests)

Total Test time (real) =   4.19 sec

The following tests FAILED:
	  1 - gfortran-20250826-run (Failed)
	  5 - gfortran-20250401-obj (Failed)
	  8 - gfortran-20231211-obj (Failed)
	 10 - gfortran-20230529-obj (Failed)
	 11 - gfortran-20230527-obj (Failed)
	 14 - gfortran-20220221-module-exe (Failed)
	 15 - gfortran-20211123-run (Failed)
	 19 - gfortran-20200501-obj (Failed)
	 20 - gfortran-20200402-file1-exe (Failed)
	 31 - gfortran-20180130e-run (Failed)
	 32 - gfortran-20180130d-obj (Failed)
	 33 - gfortran-20180130c-exe (Failed)
	 34 - gfortran-20180130c-run (Not Run)
	 35 - gfortran-20180130b-obj (Failed)
	 37 - gfortran-20180130a-run (Failed)
	 41 - gfortran-20180129-run (Failed)
	 42 - gfortran-20180128-obj (Failed)
	 67 - gfortran-20160129-obj (Failed)
